2025-03-09 21:28:43,875 - INFO - Kaggle authentication successful.
2025-03-09 21:29:50,373 - INFO - Dataset downloaded successfully.
2025-03-09 21:31:44,454 - INFO - 8999910 rows and 11 columns.
2025-03-09 21:33:46,335 - INFO - Top 5 records:
  Order_ID Customer_ID Customer_Type             Product     Category  Unit_Price  Quantity  Discount  Total_Price             Region  Order_Date
0     ORD1     CUS1496           B2B          Vio Wasser        Water        1.66        53      0.10        79.18  Baden-Württemberg  2023-08-23
1     ORD1     CUS1496           B2B               Evian        Water        1.56        90      0.10       126.36  Baden-Württemberg  2023-08-23
2     ORD1     CUS1496           B2B              Sprite  Soft Drinks        1.17        73      0.05        81.14  Baden-Württemberg  2023-08-23
3     ORD1     CUS1496           B2B  Rauch Multivitamin       Juices        3.22        59      0.10       170.98  Baden-Württemberg  2023-08-23
4     ORD1     CUS1496           B2B        Gerolsteiner        Water        0.87        35      0.10        27.40  Baden-Württemberg  2023-08-23
2025-03-09 21:56:10,252 - INFO - Kaggle authentication successful.
2025-03-09 21:57:12,963 - INFO - Dataset downloaded successfully.
2025-03-09 21:57:59,326 - INFO - 8999910 rows and 11 columns.
2025-03-09 21:58:00,589 - INFO - Top 5 records:
  Order_ID Customer_ID Customer_Type             Product     Category  Unit_Price  Quantity  Discount  Total_Price             Region  Order_Date
0     ORD1     CUS1496           B2B          Vio Wasser        Water        1.66        53      0.10        79.18  Baden-Württemberg  2023-08-23
1     ORD1     CUS1496           B2B               Evian        Water        1.56        90      0.10       126.36  Baden-Württemberg  2023-08-23
2     ORD1     CUS1496           B2B              Sprite  Soft Drinks        1.17        73      0.05        81.14  Baden-Württemberg  2023-08-23
3     ORD1     CUS1496           B2B  Rauch Multivitamin       Juices        3.22        59      0.10       170.98  Baden-Württemberg  2023-08-23
4     ORD1     CUS1496           B2B        Gerolsteiner        Water        0.87        35      0.10        27.40  Baden-Württemberg  2023-08-23
2025-03-09 22:36:39,021 - INFO - Kaggle authentication successful.
2025-03-09 22:37:55,941 - INFO - Dataset downloaded successfully.
2025-03-09 22:40:51,091 - INFO - 8999910 rows and 11 columns.
2025-03-09 22:41:49,309 - INFO - Top 5 records:
  Order_ID Customer_ID Customer_Type             Product     Category  Unit_Price  Quantity  Discount  Total_Price             Region  Order_Date
0     ORD1     CUS1496           B2B          Vio Wasser        Water        1.66        53      0.10        79.18  Baden-Württemberg  2023-08-23
1     ORD1     CUS1496           B2B               Evian        Water        1.56        90      0.10       126.36  Baden-Württemberg  2023-08-23
2     ORD1     CUS1496           B2B              Sprite  Soft Drinks        1.17        73      0.05        81.14  Baden-Württemberg  2023-08-23
3     ORD1     CUS1496           B2B  Rauch Multivitamin       Juices        3.22        59      0.10       170.98  Baden-Württemberg  2023-08-23
4     ORD1     CUS1496           B2B        Gerolsteiner        Water        0.87        35      0.10        27.40  Baden-Württemberg  2023-08-23
2025-03-09 22:47:34,619 - INFO - Kaggle authentication successful.
2025-03-09 22:48:51,347 - INFO - Dataset downloaded successfully.
2025-03-09 22:49:38,090 - INFO - 8999910 rows and 11 columns.
2025-03-09 22:49:50,224 - INFO - Top 5 records:
  Order_ID Customer_ID Customer_Type             Product     Category  Unit_Price  Quantity  Discount  Total_Price             Region  Order_Date
0     ORD1     CUS1496           B2B          Vio Wasser        Water        1.66        53      0.10        79.18  Baden-Württemberg  2023-08-23
1     ORD1     CUS1496           B2B               Evian        Water        1.56        90      0.10       126.36  Baden-Württemberg  2023-08-23
2     ORD1     CUS1496           B2B              Sprite  Soft Drinks        1.17        73      0.05        81.14  Baden-Württemberg  2023-08-23
3     ORD1     CUS1496           B2B  Rauch Multivitamin       Juices        3.22        59      0.10       170.98  Baden-Württemberg  2023-08-23
4     ORD1     CUS1496           B2B        Gerolsteiner        Water        0.87        35      0.10        27.40  Baden-Württemberg  2023-08-23
2025-03-09 22:59:01,600 - INFO - Kaggle authentication successful.
2025-03-09 23:00:49,100 - INFO - Dataset downloaded successfully.
2025-03-09 23:03:13,954 - INFO - 8999910 rows and 11 columns.
2025-03-09 23:03:49,543 - INFO - Top 5 records:
  Order_ID Customer_ID Customer_Type             Product     Category  Unit_Price  Quantity  Discount  Total_Price             Region  Order_Date
0     ORD1     CUS1496           B2B          Vio Wasser        Water        1.66        53      0.10        79.18  Baden-Württemberg  2023-08-23
1     ORD1     CUS1496           B2B               Evian        Water        1.56        90      0.10       126.36  Baden-Württemberg  2023-08-23
2     ORD1     CUS1496           B2B              Sprite  Soft Drinks        1.17        73      0.05        81.14  Baden-Württemberg  2023-08-23
3     ORD1     CUS1496           B2B  Rauch Multivitamin       Juices        3.22        59      0.10       170.98  Baden-Württemberg  2023-08-23
4     ORD1     CUS1496           B2B        Gerolsteiner        Water        0.87        35      0.10        27.40  Baden-Württemberg  2023-08-23
